[03.04.24 04:13:24] ADD Starting Adena 57 Adena(0)[268482055] TerryMaster[268482054] 100
[03.04.24 04:13:24] ADD New Char Item 1147 Squire's Pants(0)[268482056] TerryMaster[268482054] 1
[03.04.24 04:13:24] ADD New Char Item 1146 Squire's Shirt(0)[268482057] TerryMaster[268482054] 1
[03.04.24 04:13:24] ADD New Char Item 2369 Squire's Sword(0)[268482058] TerryMaster[268482054] 1
[03.04.24 04:13:24] ADD New Char Item 10 Dagger(0)[268482059] TerryMaster[268482054] 1
[03.04.24 04:13:24] ADD New Char Item 1835 Soulshot: No Grade(0)[268482060] TerryMaster[268482054] 1
[03.04.24 04:13:24] ADD New Char Item 219 Sword Breaker(0)[268482061] TerryMaster[268482054] 1
[03.04.24 04:13:24] ADD New Char Item 68 Falchion(0)[268482062] TerryMaster[268482054] 1
[03.04.24 04:13:24] ADD New Char Item 909 Blue Diamond Necklace(0)[268482063] TerryMaster[268482054] 1
[03.04.24 04:13:24] ADD New Char Item 846 Coral Earring(0)[268482064] TerryMaster[268482054] 1
[03.04.24 04:13:24] ADD New Char Item 846 Coral Earring(0)[268482065] TerryMaster[268482054] 1
[03.04.24 04:13:24] ADD New Char Item 878 Blue Coral Ring(0)[268482066] TerryMaster[268482054] 1
[03.04.24 04:13:24] ADD New Char Item 878 Blue Coral Ring(0)[268482067] TerryMaster[268482054] 1
[03.04.24 04:13:24] ADD New Char Item 2386 Wooden Gaiters(0)[268482068] TerryMaster[268482054] 1
[03.04.24 04:13:24] ADD New Char Item 23 Wooden Breastplate(0)[268482069] TerryMaster[268482054] 1
[03.04.24 04:13:24] ADD New Char Item 51 Bracer(0)[268482070] TerryMaster[268482054] 1
[03.04.24 04:13:24] ADD New Char Item 43 Wooden Helmet(0)[268482071] TerryMaster[268482054] 1
[03.04.24 04:13:24] ADD New Char Item 39 Boots(0)[268482072] TerryMaster[268482054] 1
[03.04.24 04:13:24] ADD New Char Item 728 Mana Potion(0)[268482073] TerryMaster[268482054] 10
[03.04.24 04:13:24] ADD New Char Item 1539 Greater Healing Potion(0)[268482074] TerryMaster[268482054] 10
[03.04.24 04:13:24] ADD New Char Item 1835 Soulshot: No Grade(1)[268482060] TerryMaster[268482054] 4,999
[03.04.24 04:13:24] ADD New Char Item 10650 Adventurer's Scroll of Escape(0)[268482076] TerryMaster[268482054] 5
[03.04.24 04:13:24] ADD New Char Item 7126 Scroll of Escape: Giran Castle Town(0)[268482077] TerryMaster[268482054] 10
[03.04.24 04:18:58] ADD Pickup 57 Adena(100)[268482055] TerryMaster[268482054] 148
[03.04.24 04:19:03] ADD Pickup 57 Adena(248)[268482055] TerryMaster[268482054] 130
[03.04.24 04:19:09] ADD Pickup 57 Adena(378)[268482055] TerryMaster[268482054] 139
[03.04.24 04:19:12] ADD Pickup 6353 Blue Gemstone(0)[268481606] TerryMaster[268482054] 1
[03.04.24 04:19:13] ADD Pickup 57 Adena(517)[268482055] TerryMaster[268482054] 157
[03.04.24 04:19:42] ADD Pickup 57 Adena(674)[268482055] TerryMaster[268482054] 137
[03.04.24 04:19:45] ADD Pickup 57 Adena(811)[268482055] TerryMaster[268482054] 170
[03.04.24 04:20:05] ADD Pickup 57 Adena(981)[268482055] TerryMaster[268482054] 133
[03.04.24 04:23:07] ADD Pickup 57 Adena(1,114)[268482055] TerryMaster[268482054] 193
