[03.04.24 04:10:03] Loaded Event: Apil Fool's Day [state: deactivated]
[03.04.24 04:10:03] Loaded Event: Boss Random
[03.04.24 04:10:03] Loaded Event: Christmas [state: deactivated]
[03.04.24 04:10:03] Loaded Event: Coffer of Shadows [state: deactivated]
[03.04.24 04:10:03] Loaded CustomDropItems: CustomDropItems [state: activated]
[03.04.24 04:10:03] Duplicate properties name "AllowedItems" replaced with new value.
[03.04.24 04:10:03] Loaded Service: EventsConfig
[03.04.24 04:10:03] Loaded Event: Fight Club
[03.04.24 04:10:03] Loaded Event: Freya Celebration [state: deactivated]
[03.04.24 04:10:03] Loaded Event: Gift Of Vitality [state: deactivated]
[03.04.24 04:10:03] Loaded Event: Gm Hunter [state: deactivated]
[03.04.24 04:10:03] Loaded Event: Hitman
[03.04.24 04:10:03] Loaded Event: March 8 [state: deactivated]
[03.04.24 04:10:03] Loaded Event: Master of Enchanting [state: deactivated]
[03.04.24 04:10:03] Loaded Event: PcCafePointsExchange [state: deactivated]
[03.04.24 04:10:03] Loaded Event: PiratesTreasure loaded.
[03.04.24 04:10:03] Loaded Event: SavingSnowman [state: deactivated]
[03.04.24 04:10:03] Loaded Event: Summer Meleons [state: deactivated]
[03.04.24 04:10:03] Loaded Event: The Fall Harvest [state: deactivated]
[03.04.24 04:10:03] Loaded Event: The Flow Of The Horror [state: deactivated]
[03.04.24 04:10:03] Loaded Event: Trick of Trnasmutation [state: deactivated]
[03.04.24 04:10:03] Loaded Event: Trivia
[03.04.24 04:10:03] Loaded Event: TvT Arena 1 [state: deactivated]
[03.04.24 04:10:03] Loaded Event: TvT Arena 2 [state: deactivated]
[03.04.24 04:10:03] Loaded Event: TvT Arena 3 [state: deactivated]
[03.04.24 04:10:03] Loaded Event: Viktorina
[03.04.24 04:10:03] Loaded Event: Bounty Hunters Guild
[03.04.24 04:10:03] Loaded Event: L2 Medal Collection Event [state: deactivated]
[03.04.24 04:10:03] Loaded Event: Change of Heart[state: deactivated]
[03.04.24 04:10:03] Loaded Event: null [state: deactivated]
[03.04.24 04:10:03] Loaded Event: l2day [state: deactivated]
[03.04.24 04:10:28] Loaded Event: Trivia - Next Start: Wed Apr 03 16:20:00 BRT 2024
[03.04.24 04:10:28] Start Viktorina: Thu Apr 04 01:14:00 BRT 2024
[03.04.24 04:10:28] Stop Viktorina: Thu Apr 04 03:14:00 BRT 2024
[03.04.24 04:18:19] Loaded Event: Apil Fool's Day [state: deactivated]
[03.04.24 04:18:19] Loaded Event: Boss Random
[03.04.24 04:18:19] Loaded Event: Christmas [state: deactivated]
[03.04.24 04:18:19] Loaded Event: Coffer of Shadows [state: deactivated]
[03.04.24 04:18:19] Loaded CustomDropItems: CustomDropItems [state: activated]
[03.04.24 04:18:19] Duplicate properties name "AllowedItems" replaced with new value.
[03.04.24 04:18:19] Loaded Service: EventsConfig
[03.04.24 04:18:19] Loaded Event: Fight Club
[03.04.24 04:18:19] Loaded Event: Freya Celebration [state: deactivated]
[03.04.24 04:18:19] Loaded Event: Gift Of Vitality [state: deactivated]
[03.04.24 04:18:19] Loaded Event: Gm Hunter [state: deactivated]
[03.04.24 04:18:19] Loaded Event: Hitman
[03.04.24 04:18:19] Loaded Event: March 8 [state: deactivated]
[03.04.24 04:18:19] Loaded Event: Master of Enchanting [state: deactivated]
[03.04.24 04:18:19] Loaded Event: PcCafePointsExchange [state: deactivated]
[03.04.24 04:18:19] Loaded Event: PiratesTreasure loaded.
[03.04.24 04:18:19] Loaded Event: SavingSnowman [state: deactivated]
[03.04.24 04:18:19] Loaded Event: Summer Meleons [state: deactivated]
[03.04.24 04:18:19] Loaded Event: The Fall Harvest [state: deactivated]
[03.04.24 04:18:19] Loaded Event: The Flow Of The Horror [state: deactivated]
[03.04.24 04:18:19] Loaded Event: Trick of Trnasmutation [state: deactivated]
[03.04.24 04:18:19] Loaded Event: Trivia
[03.04.24 04:18:19] Loaded Event: TvT Arena 1 [state: deactivated]
[03.04.24 04:18:19] Loaded Event: TvT Arena 2 [state: deactivated]
[03.04.24 04:18:19] Loaded Event: TvT Arena 3 [state: deactivated]
[03.04.24 04:18:19] Loaded Event: Viktorina
[03.04.24 04:18:19] Loaded Event: Bounty Hunters Guild
[03.04.24 04:18:19] Loaded Event: L2 Medal Collection Event [state: deactivated]
[03.04.24 04:18:19] Loaded Event: Change of Heart[state: deactivated]
[03.04.24 04:18:19] Loaded Event: null [state: deactivated]
[03.04.24 04:18:19] Loaded Event: l2day [state: deactivated]
[03.04.24 04:18:44] Loaded Event: Trivia - Next Start: Wed Apr 03 16:20:00 BRT 2024
[03.04.24 04:18:44] Start Viktorina: Thu Apr 04 01:14:00 BRT 2024
[03.04.24 04:18:44] Stop Viktorina: Thu Apr 04 03:14:00 BRT 2024
[03.04.24 04:34:32] Loaded Event: Apil Fool's Day [state: deactivated]
[03.04.24 04:34:32] Loaded Event: Boss Random
[03.04.24 04:34:32] Loaded Event: Christmas [state: deactivated]
[03.04.24 04:34:32] Loaded Event: Coffer of Shadows [state: deactivated]
[03.04.24 04:34:32] Loaded CustomDropItems: CustomDropItems [state: activated]
[03.04.24 04:34:32] Duplicate properties name "AllowedItems" replaced with new value.
[03.04.24 04:34:32] Loaded Service: EventsConfig
[03.04.24 04:34:32] Loaded Event: Fight Club
[03.04.24 04:34:32] Loaded Event: Freya Celebration [state: deactivated]
[03.04.24 04:34:32] Loaded Event: Gift Of Vitality [state: deactivated]
[03.04.24 04:34:32] Loaded Event: Gm Hunter [state: deactivated]
[03.04.24 04:34:32] Loaded Event: Hitman
[03.04.24 04:34:32] Loaded Event: March 8 [state: deactivated]
[03.04.24 04:34:32] Loaded Event: Master of Enchanting [state: deactivated]
[03.04.24 04:34:32] Loaded Event: PcCafePointsExchange [state: deactivated]
[03.04.24 04:34:32] Loaded Event: PiratesTreasure loaded.
[03.04.24 04:34:32] Loaded Event: SavingSnowman [state: deactivated]
[03.04.24 04:34:32] Loaded Event: Summer Meleons [state: deactivated]
[03.04.24 04:34:32] Loaded Event: The Fall Harvest [state: deactivated]
[03.04.24 04:34:32] Loaded Event: The Flow Of The Horror [state: deactivated]
[03.04.24 04:34:32] Loaded Event: Trick of Trnasmutation [state: deactivated]
[03.04.24 04:34:32] Loaded Event: Trivia
[03.04.24 04:34:32] Loaded Event: TvT Arena 1 [state: deactivated]
[03.04.24 04:34:32] Loaded Event: TvT Arena 2 [state: deactivated]
[03.04.24 04:34:32] Loaded Event: TvT Arena 3 [state: deactivated]
[03.04.24 04:34:32] Loaded Event: Viktorina
[03.04.24 04:34:32] Loaded Event: Bounty Hunters Guild
[03.04.24 04:34:32] Loaded Event: L2 Medal Collection Event [state: deactivated]
[03.04.24 04:34:32] Loaded Event: Change of Heart[state: deactivated]
[03.04.24 04:34:32] Loaded Event: null [state: deactivated]
[03.04.24 04:34:32] Loaded Event: l2day [state: deactivated]
[03.04.24 04:34:57] Start Viktorina: Thu Apr 04 01:14:00 BRT 2024
[03.04.24 04:34:57] Loaded Event: Trivia - Next Start: Wed Apr 03 16:20:00 BRT 2024
[03.04.24 04:34:57] Stop Viktorina: Thu Apr 04 03:14:00 BRT 2024
[03.04.24 12:07:37] Loaded Event: Apil Fool's Day [state: deactivated]
[03.04.24 12:07:37] Loaded Event: Boss Random
[03.04.24 12:07:37] Loaded Event: Christmas [state: deactivated]
[03.04.24 12:07:37] Loaded Event: Coffer of Shadows [state: deactivated]
[03.04.24 12:07:37] Loaded CustomDropItems: CustomDropItems [state: activated]
[03.04.24 12:07:37] Duplicate properties name "AllowedItems" replaced with new value.
[03.04.24 12:07:37] Loaded Service: EventsConfig
[03.04.24 12:07:37] Loaded Event: Fight Club
[03.04.24 12:07:37] Loaded Event: Freya Celebration [state: deactivated]
[03.04.24 12:07:37] Loaded Event: Gift Of Vitality [state: deactivated]
[03.04.24 12:07:37] Loaded Event: Gm Hunter [state: deactivated]
[03.04.24 12:07:37] Loaded Event: Hitman
[03.04.24 12:07:37] Loaded Event: March 8 [state: deactivated]
[03.04.24 12:07:37] Loaded Event: Master of Enchanting [state: deactivated]
[03.04.24 12:07:37] Loaded Event: PcCafePointsExchange [state: deactivated]
[03.04.24 12:07:37] Loaded Event: PiratesTreasure loaded.
[03.04.24 12:07:37] Loaded Event: SavingSnowman [state: deactivated]
[03.04.24 12:07:37] Loaded Event: Summer Meleons [state: deactivated]
[03.04.24 12:07:37] Loaded Event: The Fall Harvest [state: deactivated]
[03.04.24 12:07:37] Loaded Event: The Flow Of The Horror [state: deactivated]
[03.04.24 12:07:37] Loaded Event: Trick of Trnasmutation [state: deactivated]
[03.04.24 12:07:37] Loaded Event: Trivia
[03.04.24 12:07:37] Loaded Event: TvT Arena 1 [state: deactivated]
[03.04.24 12:07:37] Loaded Event: TvT Arena 2 [state: deactivated]
[03.04.24 12:07:37] Loaded Event: TvT Arena 3 [state: deactivated]
[03.04.24 12:07:37] Loaded Event: Viktorina
[03.04.24 12:07:37] Loaded Event: Bounty Hunters Guild
[03.04.24 12:07:37] Loaded Event: L2 Medal Collection Event [state: deactivated]
[03.04.24 12:07:37] Loaded Event: Change of Heart[state: deactivated]
[03.04.24 12:07:37] Loaded Event: null [state: deactivated]
[03.04.24 12:07:37] Loaded Event: l2day [state: deactivated]
[03.04.24 12:08:02] Loaded Event: Trivia - Next Start: Wed Apr 03 16:20:00 BRT 2024
[03.04.24 12:08:02] Start Viktorina: Thu Apr 04 01:14:00 BRT 2024
[03.04.24 12:08:02] Stop Viktorina: Thu Apr 04 03:14:00 BRT 2024
[03.04.24 12:15:29] Loaded Event: Apil Fool's Day [state: deactivated]
[03.04.24 12:15:29] Loaded Event: Boss Random
[03.04.24 12:15:29] Loaded Event: Christmas [state: deactivated]
[03.04.24 12:15:29] Loaded Event: Coffer of Shadows [state: deactivated]
[03.04.24 12:15:29] Loaded CustomDropItems: CustomDropItems [state: activated]
[03.04.24 12:15:29] Duplicate properties name "AllowedItems" replaced with new value.
[03.04.24 12:15:29] Loaded Service: EventsConfig
[03.04.24 12:15:29] Loaded Event: Fight Club
[03.04.24 12:15:29] Loaded Event: Freya Celebration [state: deactivated]
[03.04.24 12:15:29] Loaded Event: Gift Of Vitality [state: deactivated]
[03.04.24 12:15:29] Loaded Event: Gm Hunter [state: deactivated]
[03.04.24 12:15:29] Loaded Event: Hitman
[03.04.24 12:15:29] Loaded Event: March 8 [state: deactivated]
[03.04.24 12:15:29] Loaded Event: Master of Enchanting [state: deactivated]
[03.04.24 12:15:29] Loaded Event: PcCafePointsExchange [state: deactivated]
[03.04.24 12:15:29] Loaded Event: PiratesTreasure loaded.
[03.04.24 12:15:29] Loaded Event: SavingSnowman [state: deactivated]
[03.04.24 12:15:29] Loaded Event: Summer Meleons [state: deactivated]
[03.04.24 12:15:29] Loaded Event: The Fall Harvest [state: deactivated]
[03.04.24 12:15:29] Loaded Event: The Flow Of The Horror [state: deactivated]
[03.04.24 12:15:29] Loaded Event: Trick of Trnasmutation [state: deactivated]
[03.04.24 12:15:29] Loaded Event: Trivia
[03.04.24 12:15:29] Loaded Event: TvT Arena 1 [state: deactivated]
[03.04.24 12:15:29] Loaded Event: TvT Arena 2 [state: deactivated]
[03.04.24 12:15:29] Loaded Event: TvT Arena 3 [state: deactivated]
[03.04.24 12:15:29] Loaded Event: Viktorina
[03.04.24 12:15:29] Loaded Event: Bounty Hunters Guild
[03.04.24 12:15:29] Loaded Event: L2 Medal Collection Event [state: deactivated]
[03.04.24 12:15:29] Loaded Event: Change of Heart[state: deactivated]
[03.04.24 12:15:29] Loaded Event: null [state: deactivated]
[03.04.24 12:15:29] Loaded Event: l2day [state: deactivated]
[03.04.24 12:15:54] Loaded Event: Trivia - Next Start: Wed Apr 03 16:20:00 BRT 2024
[03.04.24 12:15:54] Start Viktorina: Thu Apr 04 01:14:00 BRT 2024
[03.04.24 12:15:54] Stop Viktorina: Thu Apr 04 03:14:00 BRT 2024
[03.04.24 12:17:56] Loaded Event: Apil Fool's Day [state: deactivated]
[03.04.24 12:17:56] Loaded Event: Boss Random
[03.04.24 12:17:56] Loaded Event: Christmas [state: deactivated]
[03.04.24 12:17:56] Loaded Event: Coffer of Shadows [state: deactivated]
[03.04.24 12:17:56] Loaded CustomDropItems: CustomDropItems [state: activated]
[03.04.24 12:17:56] Duplicate properties name "AllowedItems" replaced with new value.
[03.04.24 12:17:56] Loaded Service: EventsConfig
[03.04.24 12:17:56] Loaded Event: Fight Club
[03.04.24 12:17:56] Loaded Event: Freya Celebration [state: deactivated]
[03.04.24 12:17:56] Loaded Event: Gift Of Vitality [state: deactivated]
[03.04.24 12:17:56] Loaded Event: Gm Hunter [state: deactivated]
[03.04.24 12:17:56] Loaded Event: Hitman
[03.04.24 12:17:56] Loaded Event: March 8 [state: deactivated]
[03.04.24 12:17:56] Loaded Event: Master of Enchanting [state: deactivated]
[03.04.24 12:17:56] Loaded Event: PcCafePointsExchange [state: deactivated]
[03.04.24 12:17:56] Loaded Event: PiratesTreasure loaded.
[03.04.24 12:17:56] Loaded Event: SavingSnowman [state: deactivated]
[03.04.24 12:17:56] Loaded Event: Summer Meleons [state: deactivated]
[03.04.24 12:17:56] Loaded Event: The Fall Harvest [state: deactivated]
[03.04.24 12:17:56] Loaded Event: The Flow Of The Horror [state: deactivated]
[03.04.24 12:17:56] Loaded Event: Trick of Trnasmutation [state: deactivated]
[03.04.24 12:17:56] Loaded Event: Trivia
[03.04.24 12:17:56] Loaded Event: TvT Arena 1 [state: deactivated]
[03.04.24 12:17:56] Loaded Event: TvT Arena 2 [state: deactivated]
[03.04.24 12:17:56] Loaded Event: TvT Arena 3 [state: deactivated]
[03.04.24 12:17:56] Loaded Event: Viktorina
[03.04.24 12:17:56] Loaded Event: Bounty Hunters Guild
[03.04.24 12:17:56] Loaded Event: L2 Medal Collection Event [state: deactivated]
[03.04.24 12:17:56] Loaded Event: Change of Heart[state: deactivated]
[03.04.24 12:17:56] Loaded Event: null [state: deactivated]
[03.04.24 12:17:56] Loaded Event: l2day [state: deactivated]
[03.04.24 12:18:21] Loaded Event: Trivia - Next Start: Wed Apr 03 16:20:00 BRT 2024
[03.04.24 12:18:21] Start Viktorina: Thu Apr 04 01:14:00 BRT 2024
[03.04.24 12:18:21] Stop Viktorina: Thu Apr 04 03:14:00 BRT 2024
[03.04.24 12:23:06] Loaded Event: Apil Fool's Day [state: deactivated]
[03.04.24 12:23:06] Loaded Event: Boss Random
[03.04.24 12:23:06] Loaded Event: Christmas [state: deactivated]
[03.04.24 12:23:06] Loaded Event: Coffer of Shadows [state: deactivated]
[03.04.24 12:23:06] Loaded CustomDropItems: CustomDropItems [state: activated]
[03.04.24 12:23:06] Duplicate properties name "AllowedItems" replaced with new value.
[03.04.24 12:23:06] Loaded Service: EventsConfig
[03.04.24 12:23:06] Loaded Event: Fight Club
[03.04.24 12:23:06] Loaded Event: Freya Celebration [state: deactivated]
[03.04.24 12:23:06] Loaded Event: Gift Of Vitality [state: deactivated]
[03.04.24 12:23:06] Loaded Event: Gm Hunter [state: deactivated]
[03.04.24 12:23:06] Loaded Event: Hitman
[03.04.24 12:23:06] Loaded Event: March 8 [state: deactivated]
[03.04.24 12:23:06] Loaded Event: Master of Enchanting [state: deactivated]
[03.04.24 12:23:06] Loaded Event: PcCafePointsExchange [state: deactivated]
[03.04.24 12:23:06] Loaded Event: PiratesTreasure loaded.
[03.04.24 12:23:06] Loaded Event: SavingSnowman [state: deactivated]
[03.04.24 12:23:06] Loaded Event: Summer Meleons [state: deactivated]
[03.04.24 12:23:06] Loaded Event: The Fall Harvest [state: deactivated]
[03.04.24 12:23:06] Loaded Event: The Flow Of The Horror [state: deactivated]
[03.04.24 12:23:06] Loaded Event: Trick of Trnasmutation [state: deactivated]
[03.04.24 12:23:06] Loaded Event: Trivia
[03.04.24 12:23:06] Loaded Event: TvT Arena 1 [state: deactivated]
[03.04.24 12:23:06] Loaded Event: TvT Arena 2 [state: deactivated]
[03.04.24 12:23:06] Loaded Event: TvT Arena 3 [state: deactivated]
[03.04.24 12:23:06] Loaded Event: Viktorina
[03.04.24 12:23:06] Loaded Event: Bounty Hunters Guild
[03.04.24 12:23:06] Loaded Event: L2 Medal Collection Event [state: deactivated]
[03.04.24 12:23:06] Loaded Event: Change of Heart[state: deactivated]
[03.04.24 12:23:06] Loaded Event: null [state: deactivated]
[03.04.24 12:23:06] Loaded Event: l2day [state: deactivated]
[03.04.24 12:23:31] Start Viktorina: Thu Apr 04 01:14:00 BRT 2024
[03.04.24 12:23:31] Loaded Event: Trivia - Next Start: Wed Apr 03 16:20:00 BRT 2024
[03.04.24 12:23:31] Stop Viktorina: Thu Apr 04 03:14:00 BRT 2024
